2026.03.05 19:19:33.200 MSK INFO: *** SYSTEM START ***
2026.03.05 19:19:33.337 MSK WARNING: missing bundle: protege_text -- BundleHelper.<init>()
2026.03.05 19:19:39.495 MSK INFO: Load time for file:/home/ru/clojure/ClojureProtegeIDE/pprj_examples/Test.pprj = 0 sec (project) + 1 sec (ui) -- ProjectManager$3.run()
2026.03.05 20:42:26.043 MSK INFO: *** SYSTEM START ***
2026.03.05 20:42:26.169 MSK WARNING: missing bundle: protege_text -- BundleHelper.<init>()
2026.03.05 20:42:32.696 MSK INFO: Load time for file:/home/ru/clojure/ClojureProtegeIDE/pprj_examples/Test.pprj = 0 sec (project) + 1 sec (ui) -- ProjectManager$3.run()
2026.03.06 13:32:27.393 MSK INFO: *** SYSTEM START ***
2026.03.06 13:32:27.406 MSK WARNING: Plugins directory not found: /home/ru/clojure/ClojureProtegeIDE/plugins -- PluginUtilities.findPluginsDirectory()
2026.03.06 13:32:27.509 MSK WARNING: missing bundle: standard_extensions_text -- BundleHelper.<init>()
2026.03.06 13:32:27.511 MSK WARNING: no resource bundle: tab.queries -- BundleHelper.internalGetText()
2026.03.06 13:49:14.427 MSK INFO: *** SYSTEM START ***
2026.03.06 13:49:14.561 MSK WARNING: missing bundle: protege_text -- BundleHelper.<init>()
2026.03.06 13:49:21.032 MSK INFO: Load time for file:/home/ru/clojure/ClojureProtegeIDE/pprj_examples/Test.pprj = 0 sec (project) + 1 sec (ui) -- ProjectManager$3.run()
2026.03.06 18:37:24.115 MSK INFO: *** SYSTEM START ***
2026.03.06 18:37:24.236 MSK WARNING: missing bundle: protege_text -- BundleHelper.<init>()
2026.03.06 18:37:30.414 MSK INFO: Load time for file:/home/ru/clojure/ClojureProtegeIDE/pprj_examples/Test.pprj = 0 sec (project) + 2 sec (ui) -- ProjectManager$3.run()
2026.03.06 18:54:33.109 MSK INFO: *** SYSTEM START ***
2026.03.06 18:54:33.257 MSK WARNING: missing bundle: protege_text -- BundleHelper.<init>()
2026.03.06 18:54:39.042 MSK INFO: Load time for file:/home/ru/clojure/ClojureProtegeIDE/pprj_examples/Test.pprj = 0 sec (project) + 1 sec (ui) -- ProjectManager$3.run()
2026.03.06 18:55:31.979 MSK INFO: *** SYSTEM START ***
2026.03.06 18:55:32.133 MSK WARNING: missing bundle: protege_text -- BundleHelper.<init>()
2026.03.06 18:55:39.553 MSK INFO: Load time for file:/home/ru/clojure/ClojureProtegeIDE/pprj_examples/Test.pprj = 0 sec (project) + 1 sec (ui) -- ProjectManager$3.run()
2026.03.06 18:57:11.522 MSK INFO: *** SYSTEM START ***
2026.03.06 18:57:11.645 MSK WARNING: missing bundle: protege_text -- BundleHelper.<init>()
2026.03.06 18:57:23.945 MSK INFO: Load time for file:/home/ru/clojure/ClojureProtegeIDE/pprj_examples/Test.pprj = 0 sec (project) + 1 sec (ui) -- ProjectManager$3.run()
2026.03.06 19:06:44.044 MSK INFO: *** SYSTEM START ***
2026.03.06 19:06:44.170 MSK WARNING: missing bundle: protege_text -- BundleHelper.<init>()
2026.03.06 19:06:49.666 MSK INFO: Load time for file:/home/ru/clojure/ClojureProtegeIDE/pprj_examples/Test.pprj = 0 sec (project) + 1 sec (ui) -- ProjectManager$3.run()
2026.03.06 19:08:21.271 MSK INFO: *** SYSTEM START ***
2026.03.06 19:08:21.401 MSK WARNING: missing bundle: protege_text -- BundleHelper.<init>()
2026.03.06 19:08:28.811 MSK INFO: Load time for file:/home/ru/clojure/ClojureProtegeIDE/pprj_examples/Test.pprj = 0 sec (project) + 1 sec (ui) -- ProjectManager$3.run()
2026.03.06 19:19:06.759 MSK INFO: *** SYSTEM START ***
2026.03.06 19:19:06.882 MSK WARNING: missing bundle: protege_text -- BundleHelper.<init>()
2026.03.06 19:19:12.605 MSK INFO: Load time for file:/home/ru/clojure/ClojureProtegeIDE/pprj_examples/Test.pprj = 0 sec (project) + 1 sec (ui) -- ProjectManager$3.run()
2026.03.06 19:28:00.205 MSK INFO: *** SYSTEM START ***
2026.03.06 19:28:00.325 MSK WARNING: missing bundle: protege_text -- BundleHelper.<init>()
2026.03.06 19:28:05.655 MSK INFO: Load time for file:/home/ru/clojure/ClojureProtegeIDE/pprj_examples/Test.pprj = 0 sec (project) + 1 sec (ui) -- ProjectManager$3.run()
2026.03.06 19:34:56.932 MSK INFO: *** SYSTEM START ***
2026.03.06 19:34:57.091 MSK WARNING: missing bundle: protege_text -- BundleHelper.<init>()
2026.03.06 19:35:02.450 MSK INFO: Load time for file:/home/ru/clojure/ClojureProtegeIDE/pprj_examples/Test.pprj = 0 sec (project) + 1 sec (ui) -- ProjectManager$3.run()
2026.03.07 18:12:31.810 MSK INFO: *** SYSTEM START ***
2026.03.07 18:12:32.085 MSK WARNING: missing bundle: protege_text -- BundleHelper.<init>()
2026.03.07 18:14:04.282 MSK WARNING: missing bundle: standard_extensions_text -- BundleHelper.<init>()
2026.03.07 18:14:04.282 MSK WARNING: no resource bundle: tab.queries -- BundleHelper.internalGetText()
2026.03.07 18:14:06.335 MSK INFO: Load time for file:/home/ru/clojure/ClojureProtegeIDE/pprj_examples/Test.pprj = 0 sec (project) + 2 sec (ui) -- ProjectManager$3.run()
2026.03.07 20:56:35.732 MSK INFO: *** SYSTEM START ***
2026.03.07 20:56:35.867 MSK WARNING: missing bundle: protege_text -- BundleHelper.<init>()
2026.03.07 20:56:42.341 MSK INFO: Load time for file:/home/ru/clojure/ClojureProtegeIDE/pprj_examples/Test.pprj = 0 sec (project) + 1 sec (ui) -- ProjectManager$3.run()
2026.03.07 21:04:24.364 MSK INFO: *** SYSTEM START ***
2026.03.07 21:04:24.575 MSK WARNING: missing bundle: protege_text -- BundleHelper.<init>()
2026.03.07 21:04:30.617 MSK WARNING: missing bundle: standard_extensions_text -- BundleHelper.<init>()
2026.03.07 21:04:30.617 MSK WARNING: no resource bundle: tab.queries -- BundleHelper.internalGetText()
2026.03.07 21:04:32.622 MSK INFO: Load time for file:/home/ru/clojure/ClojureProtegeIDE/pprj_examples/Test.pprj = 0 sec (project) + 2 sec (ui) -- ProjectManager$3.run()
2026.03.07 21:20:19.719 MSK INFO: *** SYSTEM START ***
2026.03.07 21:20:19.904 MSK WARNING: missing bundle: protege_text -- BundleHelper.<init>()
2026.03.07 21:20:24.993 MSK WARNING: missing bundle: standard_extensions_text -- BundleHelper.<init>()
2026.03.07 21:20:24.993 MSK WARNING: no resource bundle: tab.queries -- BundleHelper.internalGetText()
2026.03.07 21:20:26.933 MSK INFO: Load time for file:/home/ru/clojure/ClojureProtegeIDE/pprj_examples/Test.pprj = 0 sec (project) + 1 sec (ui) -- ProjectManager$3.run()
2026.03.07 21:23:18.439 MSK INFO: *** SYSTEM START ***
2026.03.07 21:23:18.605 MSK WARNING: missing bundle: protege_text -- BundleHelper.<init>()
2026.03.07 21:23:26.130 MSK INFO: Load time for file:/home/ru/clojure/ClojureProtegeIDE/pprj_examples/Test.pprj = 0 sec (project) + 1 sec (ui) -- ProjectManager$3.run()
2026.03.07 21:24:42.433 MSK WARNING: java.lang.IllegalAccessException: class edu.stanford.smi.protege.util.SystemUtilities cannot access class com.sun.java.swing.plaf.gtk.GTKLookAndFeel (in module java.desktop) because module java.desktop does not export com.sun.java.swing.plaf.gtk to unnamed module @2eafffde -- SystemUtilities.setLookAndFeel()
2026.03.07 21:34:37.463 MSK INFO: *** SYSTEM START ***
2026.03.07 21:34:37.474 MSK WARNING: java.lang.IllegalAccessException: class edu.stanford.smi.protege.util.SystemUtilities cannot access class com.sun.java.swing.plaf.gtk.GTKLookAndFeel (in module java.desktop) because module java.desktop does not export com.sun.java.swing.plaf.gtk to unnamed module @2eafffde -- SystemUtilities.setLookAndFeel()
2026.03.07 21:34:37.614 MSK WARNING: missing bundle: protege_text -- BundleHelper.<init>()
2026.03.07 21:36:40.891 MSK INFO: *** SYSTEM START ***
2026.03.07 21:36:40.910 MSK WARNING: java.lang.InstantiationException -- SystemUtilities.setLookAndFeel()
2026.03.07 21:36:41.048 MSK WARNING: missing bundle: protege_text -- BundleHelper.<init>()
2026.03.07 21:38:34.433 MSK INFO: *** SYSTEM START ***
2026.03.07 21:38:34.741 MSK WARNING: missing bundle: protege_text -- BundleHelper.<init>()
2026.03.07 21:38:49.268 MSK INFO: Load time for file:/home/ru/clojure/ClojureProtegeIDE/pprj_examples/Test.pprj = 0 sec (project) + 2 sec (ui) -- ProjectManager$3.run()
2026.03.09 11:22:44.797 MSK INFO: *** SYSTEM START ***
2026.03.09 11:22:45.491 MSK WARNING: missing bundle: protege_text -- BundleHelper.<init>()
2026.03.09 11:22:50.347 MSK SEVERE: Unable to load project from: file:/home/ru/clojure/ClojureProtegeIDE/pprj_examples/pprj_base/ProClojure.pprj -- Project.getProjectInstancesReader()
2026.03.09 11:22:50.365 MSK WARNING: Unable to load prj:file:/home/ru/clojure/ClojureProtegeIDE/pprj_examples/pprj_base/ProClojure.pprj -- Project.includeDomainKB()
2026.03.09 11:22:50.390 MSK WARNING: Unable to find child FrameStore: file:/home/ru/clojure/ClojureProtegeIDE/pprj_examples/pprj_base/ProClojure.pprj -- MergingNarrowFrameStore.addActiveFrameStore()
2026.03.09 11:22:50.395 MSK SEVERE: non-existent slot: cloFunctions -- Parser.recordError()
2026.03.09 11:22:50.396 MSK SEVERE: non-existent slot: cloNamespace -- Parser.recordError()
2026.03.09 11:22:50.396 MSK SEVERE: non-existent slot: cloVars -- Parser.recordError()
2026.03.09 11:22:50.396 MSK SEVERE: non-existent slot: font-size -- Parser.recordError()
2026.03.09 11:22:50.397 MSK SEVERE: non-existent slot: function-lines -- Parser.recordError()
2026.03.09 11:22:50.397 MSK SEVERE: non-existent slot: theme -- Parser.recordError()
2026.03.09 11:22:50.397 MSK SEVERE: non-existent slot: title -- Parser.recordError()
2026.03.09 11:22:50.398 MSK SEVERE: non-existent slot: source -- Parser.recordError()
2026.03.09 11:22:50.399 MSK SEVERE: non-existent slot: finish-line -- Parser.recordError()
2026.03.09 11:22:50.399 MSK SEVERE: non-existent slot: start-line -- Parser.recordError()
2026.03.09 11:22:50.401 MSK SEVERE: non-existent slot: cloPrograms -- Parser.recordError()
2026.03.09 11:22:50.401 MSK SEVERE: Undefined class: CloVar found while loading instances -- Parser.recordError()
2026.03.09 11:22:50.402 MSK SEVERE: Undefined class: WorkingPrograms found while loading instances -- Parser.recordError()
2026.03.09 11:22:50.402 MSK SEVERE: Undefined class: CloFunction found while loading instances -- Parser.recordError()
2026.03.09 11:22:50.402 MSK SEVERE: Undefined class: CloNamespace found while loading instances -- Parser.recordError()
2026.03.09 11:22:50.402 MSK SEVERE: Undefined class: CloProgram found while loading instances -- Parser.recordError()
2026.03.09 11:22:50.403 MSK SEVERE: Undefined instance: ProClojure_Class60001 -- Parser.recordError()
2026.03.09 11:22:50.787 MSK WARNING: empty values: Slot(cloFunctions) Slot(:SLOT-VALUE-TYPE) -- ValueTypeWidget.setValues()
2026.03.09 11:22:51.838 MSK INFO: Load time for file:/home/ru/clojure/ClojureProtegeIDE/pprj_examples/test/Test.pprj = 0 sec (project) + 1 sec (ui) -- ProjectManager$3.run()
2026.03.09 11:23:57.594 MSK INFO: *** SYSTEM START ***
2026.03.09 11:23:57.895 MSK WARNING: missing bundle: protege_text -- BundleHelper.<init>()
2026.03.09 11:24:04.885 MSK INFO: Load time for file:/home/ru/clojure/ClojureProtegeIDE/pprj_examples/test/Test.pprj = 0 sec (project) + 2 sec (ui) -- ProjectManager$3.run()
2026.03.09 11:25:25.889 MSK INFO: Project load time for file:/home/ru/clojure/ClojureProtegeIDE/pprj_examples/newspaper/newspaper.pprj: 0 sec -- ProjectChooser.loadProject()
2026.03.09 11:25:26.123 MSK INFO: UI display time = 0 sec -- ProjectManager$2.run()
2026.03.09 11:26:03.272 MSK WARNING: java.lang.NullPointerException: Cannot invoke "edu.stanford.smi.protege.model.Cls.getInstances()" because the return value of "edu.stanford.smi.protege.model.KnowledgeBase.getCls(String)" is null
	at clojuretab.ClojureTab.fillProgramList(ClojureTab.java:508)
	at clojuretab.ClojureTab.createProgramList(ClojureTab.java:526)
	at clojuretab.ClojureTab.initialize(ClojureTab.java:147)
	at edu.stanford.smi.protege.widget.WidgetUtilities.createTabWidget(Unknown Source)
	at edu.stanford.smi.protege.ui.ProjectView.addTab(Unknown Source)
	at edu.stanford.smi.protege.ui.ProjectView.addEnabledTabs(Unknown Source)
	at edu.stanford.smi.protege.ui.ProjectView.synchronizeTabbedPane(Unknown Source)
	at edu.stanford.smi.protege.ui.ProjectView.reloadPartial(Unknown Source)
	at edu.stanford.smi.protege.ui.ProjectView.reload(Unknown Source)
	at edu.stanford.smi.protege.ui.ProjectManager.reloadUI(Unknown Source)
	at edu.stanford.smi.protege.ui.ProjectManager.configureProjectRequest(Unknown Source)
	at edu.stanford.smi.protege.action.ConfigureProject.actionPerformed(Unknown Source)
	at java.desktop/javax.swing.AbstractButton.fireActionPerformed(AbstractButton.java:1972)
	at java.desktop/javax.swing.AbstractButton$Handler.actionPerformed(AbstractButton.java:2314)
	at java.desktop/javax.swing.DefaultButtonModel.fireActionPerformed(DefaultButtonModel.java:407)
	at java.desktop/javax.swing.DefaultButtonModel.setPressed(DefaultButtonModel.java:262)
	at java.desktop/javax.swing.AbstractButton.doClick(AbstractButton.java:374)
	at java.desktop/javax.swing.plaf.basic.BasicMenuItemUI.doClick(BasicMenuItemUI.java:986)
	at java.desktop/javax.swing.plaf.basic.BasicMenuItemUI$Handler.mouseReleased(BasicMenuItemUI.java:1030)
	at java.desktop/java.awt.Component.processMouseEvent(Component.java:6576)
	at java.desktop/javax.swing.JComponent.processMouseEvent(JComponent.java:3404)
	at java.desktop/java.awt.Component.processEvent(Component.java:6341)
	at java.desktop/java.awt.Container.processEvent(Container.java:2260)
	at java.desktop/java.awt.Component.dispatchEventImpl(Component.java:4958)
	at java.desktop/java.awt.Container.dispatchEventImpl(Container.java:2318)
	at java.desktop/java.awt.Component.dispatchEvent(Component.java:4790)
	at java.desktop/java.awt.LightweightDispatcher.retargetMouseEvent(Container.java:4917)
	at java.desktop/java.awt.LightweightDispatcher.processMouseEvent(Container.java:4560)
	at java.desktop/java.awt.LightweightDispatcher.dispatchEvent(Container.java:4501)
	at java.desktop/java.awt.Container.dispatchEventImpl(Container.java:2304)
	at java.desktop/java.awt.Window.dispatchEventImpl(Window.java:2671)
	at java.desktop/java.awt.Component.dispatchEvent(Component.java:4790)
	at java.desktop/java.awt.EventQueue.dispatchEventImpl(EventQueue.java:725)
	at java.desktop/java.awt.EventQueue.dispatchEvent(EventQueue.java:702)
	at java.desktop/java.awt.EventDispatchThread.pumpOneEventForFilters(EventDispatchThread.java:203)
	at java.desktop/java.awt.EventDispatchThread.pumpEventsForFilter(EventDispatchThread.java:124)
	at java.desktop/java.awt.EventDispatchThread.pumpEventsForHierarchy(EventDispatchThread.java:113)
	at java.desktop/java.awt.EventDispatchThread.pumpEvents(EventDispatchThread.java:109)
	at java.desktop/java.awt.EventDispatchThread.pumpEvents(EventDispatchThread.java:101)
	at java.desktop/java.awt.EventDispatchThread.run(EventDispatchThread.java:90)
 -- WidgetUtilities.createTabWidget()
2026.03.09 11:27:33.704 MSK INFO: Load time for file:/home/ru/clojure/ClojureProtegeIDE/pprj_examples/newspaper/newspaper.pprj = 0 sec (project) + 0 sec (ui) -- ProjectManager$3.run()
2026.03.09 11:33:00.275 MSK INFO: *** SYSTEM START ***
2026.03.09 11:33:00.562 MSK WARNING: missing bundle: protege_text -- BundleHelper.<init>()
2026.03.09 11:33:09.454 MSK INFO: Project load time for file:/home/ru/clojure/ClojureProtegeIDE/pprj_base/ProClojure.pprj: 0 sec -- ProjectChooser.loadProject()
2026.03.09 11:33:11.379 MSK INFO: UI display time = 1 sec -- ProjectManager$2.run()
2026.03.09 13:23:15.613 MSK INFO: *** SYSTEM START ***
2026.03.09 13:23:16.058 MSK WARNING: missing bundle: protege_text -- BundleHelper.<init>()
2026.03.09 13:23:42.432 MSK INFO: Load time for file:/home/ru/clojure/ClojureProtegeIDE/pprj_examples/newspaper/newspaper.pprj = 0 sec (project) + 2 sec (ui) -- ProjectManager$3.run()
2026.03.09 16:38:23.626 MSK INFO: *** SYSTEM START ***
2026.03.09 16:38:24.063 MSK WARNING: missing bundle: protege_text -- BundleHelper.<init>()
2026.03.09 16:44:21.832 MSK INFO: *** SYSTEM START ***
2026.03.09 16:44:22.219 MSK WARNING: missing bundle: protege_text -- BundleHelper.<init>()
2026.03.09 16:48:56.434 MSK INFO: *** SYSTEM START ***
2026.03.09 16:48:56.803 MSK WARNING: missing bundle: protege_text -- BundleHelper.<init>()
2026.03.09 16:50:53.176 MSK INFO: Load time for file:/home/ru/clojure/ClojureProtegeIDE/pprj_examples/newspaper/newspaper.pprj = 0 sec (project) + 0 sec (ui) -- ProjectManager$3.run()
2026.03.09 17:01:24.253 MSK INFO: *** SYSTEM START ***
2026.03.09 17:01:24.551 MSK WARNING: missing bundle: protege_text -- BundleHelper.<init>()
2026.03.09 17:01:32.761 MSK INFO: Load time for file:/home/ru/clojure/ClojureProtegeIDE/pprj_examples/newspaper/newspaper.pprj = 0 sec (project) + 0 sec (ui) -- ProjectManager$3.run()
2026.03.09 17:02:03.183 MSK INFO: Load time for file:/home/ru/clojure/ClojureProtegeIDE/pprj_examples/newspaper/newspaper.pprj = 0 sec (project) + 0 sec (ui) -- ProjectManager$3.run()
2026.03.10 12:30:31.306 MSK INFO: *** SYSTEM START ***
2026.03.10 12:30:31.901 MSK WARNING: missing bundle: protege_text -- BundleHelper.<init>()
2026.03.10 12:30:39.551 MSK INFO: Load time for file:/home/ru/clojure/ClojureProtegeIDE/pprj_examples/newspaper/newspaper.pprj = 0 sec (project) + 2 sec (ui) -- ProjectManager$3.run()
2026.03.10 13:12:11.070 MSK INFO: *** SYSTEM START ***
2026.03.10 13:12:11.418 MSK WARNING: missing bundle: protege_text -- BundleHelper.<init>()
2026.03.10 13:12:19.965 MSK INFO: Load time for file:/home/ru/clojure/ClojureProtegeIDE/pprj_examples/newspaper/newspaper.pprj = 0 sec (project) + 2 sec (ui) -- ProjectManager$3.run()
2026.03.10 13:14:49.263 MSK INFO: *** SYSTEM START ***
2026.03.10 13:14:49.592 MSK WARNING: missing bundle: protege_text -- BundleHelper.<init>()
2026.03.10 13:14:55.396 MSK INFO: Load time for file:/home/ru/clojure/ClojureProtegeIDE/pprj_examples/newspaper/newspaper.pprj = 0 sec (project) + 2 sec (ui) -- ProjectManager$3.run()
2026.03.10 13:51:41.619 MSK INFO: Project load time for file:/home/ru/clojure/ClojureProtegeIDE/pprj_base/ProClojure.pprj: 0 sec -- ProjectChooser.loadProject()
2026.03.10 13:51:42.299 MSK INFO: UI display time = 0 sec -- ProjectManager$2.run()
2026.03.10 13:56:28.573 MSK INFO: *** SYSTEM START ***
2026.03.10 13:56:28.875 MSK WARNING: missing bundle: protege_text -- BundleHelper.<init>()
2026.03.10 13:56:34.858 MSK INFO: Load time for file:/home/ru/clojure/ClojureProtegeIDE/pprj_base/ProClojure.pprj = 0 sec (project) + 2 sec (ui) -- ProjectManager$3.run()
2026.03.10 14:00:15.904 MSK INFO: *** SYSTEM START ***
2026.03.10 14:00:16.207 MSK WARNING: missing bundle: protege_text -- BundleHelper.<init>()
2026.03.10 14:00:29.200 MSK INFO: Load time for file:/home/ru/clojure/ClojureProtegeIDE/pprj_examples/newspaper/newspaper.pprj = 0 sec (project) + 2 sec (ui) -- ProjectManager$3.run()
2026.03.11 21:01:39.360 MSK INFO: *** SYSTEM START ***
2026.03.11 21:01:39.949 MSK WARNING: missing bundle: protege_text -- BundleHelper.<init>()
2026.03.11 21:02:13.421 MSK INFO: Load time for file:/home/ru/clojure/ClojureProtegeIDE/pprj_examples/newspaper/newspaper.pprj = 0 sec (project) + 3 sec (ui) -- ProjectManager$3.run()
2026.03.11 21:27:39.454 MSK INFO: *** SYSTEM START ***
2026.03.11 21:27:39.771 MSK WARNING: missing bundle: protege_text -- BundleHelper.<init>()
2026.03.11 21:27:46.433 MSK INFO: Load time for file:/home/ru/clojure/ClojureProtegeIDE/pprj_examples/newspaper/newspaper.pprj = 0 sec (project) + 2 sec (ui) -- ProjectManager$3.run()
2026.03.12 11:33:48.863 MSK INFO: *** SYSTEM START ***
2026.03.12 11:33:49.710 MSK WARNING: missing bundle: protege_text -- BundleHelper.<init>()
2026.03.12 11:33:57.750 MSK INFO: Load time for file:/home/ru/clojure/ClojureProtegeIDE/pprj_base/ProClojure.pprj = 0 sec (project) + 2 sec (ui) -- ProjectManager$3.run()
